ARM GAS  /tmp/ccbTdQOd.s 			page 1


   1              		.cpu cortex-m4
   2              		.arch armv7e-m
   3              		.fpu fpv4-sp-d16
   4              		.eabi_attribute 27, 1
   5              		.eabi_attribute 28, 1
   6              		.eabi_attribute 20, 1
   7              		.eabi_attribute 21, 1
   8              		.eabi_attribute 23, 3
   9              		.eabi_attribute 24, 1
  10              		.eabi_attribute 25, 1
  11              		.eabi_attribute 26, 1
  12              		.eabi_attribute 30, 1
  13              		.eabi_attribute 34, 1
  14              		.eabi_attribute 18, 4
  15              		.file	"system_stm32f4xx.c"
  16              		.text
  17              	.Ltext0:
  18              		.cfi_sections	.debug_frame
  19              		.file 1 "Core/Src/system_stm32f4xx.c"
  20              		.section	.text.SystemInit,"ax",%progbits
  21              		.align	1
  22              		.global	SystemInit
  23              		.syntax unified
  24              		.thumb
  25              		.thumb_func
  27              	SystemInit:
  28              	.LFB239:
   1:Core/Src/system_stm32f4xx.c **** /**
   2:Core/Src/system_stm32f4xx.c ****   ******************************************************************************
   3:Core/Src/system_stm32f4xx.c ****   * @file    system_stm32f4xx.c
   4:Core/Src/system_stm32f4xx.c ****   * @author  MCD Application Team
   5:Core/Src/system_stm32f4xx.c ****   * @brief   CMSIS Cortex-M4 Device Peripheral Access Layer System Source File.
   6:Core/Src/system_stm32f4xx.c ****   *
   7:Core/Src/system_stm32f4xx.c ****   *   This file provides two functions and one global variable to be called from 
   8:Core/Src/system_stm32f4xx.c ****   *   user application:
   9:Core/Src/system_stm32f4xx.c ****   *      - SystemInit(): This function is called at startup just after reset and 
  10:Core/Src/system_stm32f4xx.c ****   *                      before branch to main program. This call is made inside
  11:Core/Src/system_stm32f4xx.c ****   *                      the "startup_stm32f4xx.s" file.
  12:Core/Src/system_stm32f4xx.c ****   *
  13:Core/Src/system_stm32f4xx.c ****   *      - SystemCoreClock variable: Contains the core clock (HCLK), it can be used
  14:Core/Src/system_stm32f4xx.c ****   *                                  by the user application to setup the SysTick 
  15:Core/Src/system_stm32f4xx.c ****   *                                  timer or configure other parameters.
  16:Core/Src/system_stm32f4xx.c ****   *                                     
  17:Core/Src/system_stm32f4xx.c ****   *      - SystemCoreClockUpdate(): Updates the variable SystemCoreClock and must
  18:Core/Src/system_stm32f4xx.c ****   *                                 be called whenever the core clock is changed
  19:Core/Src/system_stm32f4xx.c ****   *                                 during program execution.
  20:Core/Src/system_stm32f4xx.c ****   *
  21:Core/Src/system_stm32f4xx.c ****   *
  22:Core/Src/system_stm32f4xx.c ****   ******************************************************************************
  23:Core/Src/system_stm32f4xx.c ****   * @attention
  24:Core/Src/system_stm32f4xx.c ****   *
  25:Core/Src/system_stm32f4xx.c ****   * Copyright (c) 2017 STMicroelectronics.
  26:Core/Src/system_stm32f4xx.c ****   * All rights reserved.
  27:Core/Src/system_stm32f4xx.c ****   *
  28:Core/Src/system_stm32f4xx.c ****   * This software is licensed under terms that can be found in the LICENSE file
  29:Core/Src/system_stm32f4xx.c ****   * in the root directory of this software component.
  30:Core/Src/system_stm32f4xx.c ****   * If no LICENSE file comes with this software, it is provided AS-IS.
ARM GAS  /tmp/ccbTdQOd.s 			page 2


  31:Core/Src/system_stm32f4xx.c ****   *
  32:Core/Src/system_stm32f4xx.c ****   ******************************************************************************
  33:Core/Src/system_stm32f4xx.c ****   */
  34:Core/Src/system_stm32f4xx.c **** 
  35:Core/Src/system_stm32f4xx.c **** /** @addtogroup CMSIS
  36:Core/Src/system_stm32f4xx.c ****   * @{
  37:Core/Src/system_stm32f4xx.c ****   */
  38:Core/Src/system_stm32f4xx.c **** 
  39:Core/Src/system_stm32f4xx.c **** /** @addtogroup stm32f4xx_system
  40:Core/Src/system_stm32f4xx.c ****   * @{
  41:Core/Src/system_stm32f4xx.c ****   */  
  42:Core/Src/system_stm32f4xx.c ****   
  43:Core/Src/system_stm32f4xx.c **** /** @addtogroup STM32F4xx_System_Private_Includes
  44:Core/Src/system_stm32f4xx.c ****   * @{
  45:Core/Src/system_stm32f4xx.c ****   */
  46:Core/Src/system_stm32f4xx.c **** 
  47:Core/Src/system_stm32f4xx.c **** 
  48:Core/Src/system_stm32f4xx.c **** #include "stm32f4xx.h"
  49:Core/Src/system_stm32f4xx.c **** 
  50:Core/Src/system_stm32f4xx.c **** #if !defined  (HSE_VALUE) 
  51:Core/Src/system_stm32f4xx.c ****   #define HSE_VALUE    ((uint32_t)25000000) /*!< Default value of the External oscillator in Hz */
  52:Core/Src/system_stm32f4xx.c **** #endif /* HSE_VALUE */
  53:Core/Src/system_stm32f4xx.c **** 
  54:Core/Src/system_stm32f4xx.c **** #if !defined  (HSI_VALUE)
  55:Core/Src/system_stm32f4xx.c ****   #define HSI_VALUE    ((uint32_t)16000000) /*!< Value of the Internal oscillator in Hz*/
  56:Core/Src/system_stm32f4xx.c **** #endif /* HSI_VALUE */
  57:Core/Src/system_stm32f4xx.c **** 
  58:Core/Src/system_stm32f4xx.c **** /**
  59:Core/Src/system_stm32f4xx.c ****   * @}
  60:Core/Src/system_stm32f4xx.c ****   */
  61:Core/Src/system_stm32f4xx.c **** 
  62:Core/Src/system_stm32f4xx.c **** /** @addtogroup STM32F4xx_System_Private_TypesDefinitions
  63:Core/Src/system_stm32f4xx.c ****   * @{
  64:Core/Src/system_stm32f4xx.c ****   */
  65:Core/Src/system_stm32f4xx.c **** 
  66:Core/Src/system_stm32f4xx.c **** /**
  67:Core/Src/system_stm32f4xx.c ****   * @}
  68:Core/Src/system_stm32f4xx.c ****   */
  69:Core/Src/system_stm32f4xx.c **** 
  70:Core/Src/system_stm32f4xx.c **** /** @addtogroup STM32F4xx_System_Private_Defines
  71:Core/Src/system_stm32f4xx.c ****   * @{
  72:Core/Src/system_stm32f4xx.c ****   */
  73:Core/Src/system_stm32f4xx.c **** 
  74:Core/Src/system_stm32f4xx.c **** /************************* Miscellaneous Configuration ************************/
  75:Core/Src/system_stm32f4xx.c **** /*!< Uncomment the following line if you need to use external SRAM or SDRAM as data memory  */
  76:Core/Src/system_stm32f4xx.c **** #if defined(STM32F405xx) || defined(STM32F415xx) || defined(STM32F407xx) || defined(STM32F417xx)\
  77:Core/Src/system_stm32f4xx.c ****  || defined(STM32F427xx) || defined(STM32F437xx) || defined(STM32F429xx) || defined(STM32F439xx)\
  78:Core/Src/system_stm32f4xx.c ****  || defined(STM32F469xx) || defined(STM32F479xx) || defined(STM32F412Zx) || defined(STM32F412Vx)
  79:Core/Src/system_stm32f4xx.c **** /* #define DATA_IN_ExtSRAM */
  80:Core/Src/system_stm32f4xx.c **** #endif /* STM32F40xxx || STM32F41xxx || STM32F42xxx || STM32F43xxx || STM32F469xx || STM32F479xx ||
  81:Core/Src/system_stm32f4xx.c ****           STM32F412Zx || STM32F412Vx */
  82:Core/Src/system_stm32f4xx.c ****  
  83:Core/Src/system_stm32f4xx.c **** #if defined(STM32F427xx) || defined(STM32F437xx) || defined(STM32F429xx) || defined(STM32F439xx)\
  84:Core/Src/system_stm32f4xx.c ****  || defined(STM32F446xx) || defined(STM32F469xx) || defined(STM32F479xx)
  85:Core/Src/system_stm32f4xx.c **** /* #define DATA_IN_ExtSDRAM */
  86:Core/Src/system_stm32f4xx.c **** #endif /* STM32F427xx || STM32F437xx || STM32F429xx || STM32F439xx || STM32F446xx || STM32F469xx ||
  87:Core/Src/system_stm32f4xx.c ****           STM32F479xx */
ARM GAS  /tmp/ccbTdQOd.s 			page 3


  88:Core/Src/system_stm32f4xx.c **** 
  89:Core/Src/system_stm32f4xx.c **** /* Note: Following vector table addresses must be defined in line with linker
  90:Core/Src/system_stm32f4xx.c ****          configuration. */
  91:Core/Src/system_stm32f4xx.c **** /*!< Uncomment the following line if you need to relocate the vector table
  92:Core/Src/system_stm32f4xx.c ****      anywhere in Flash or Sram, else the vector table is kept at the automatic
  93:Core/Src/system_stm32f4xx.c ****      remap of boot address selected */
  94:Core/Src/system_stm32f4xx.c **** /* #define USER_VECT_TAB_ADDRESS */
  95:Core/Src/system_stm32f4xx.c **** 
  96:Core/Src/system_stm32f4xx.c **** #if defined(USER_VECT_TAB_ADDRESS)
  97:Core/Src/system_stm32f4xx.c **** /*!< Uncomment the following line if you need to relocate your vector Table
  98:Core/Src/system_stm32f4xx.c ****      in Sram else user remap will be done in Flash. */
  99:Core/Src/system_stm32f4xx.c **** /* #define VECT_TAB_SRAM */
 100:Core/Src/system_stm32f4xx.c **** #if defined(VECT_TAB_SRAM)
 101:Core/Src/system_stm32f4xx.c **** #define VECT_TAB_BASE_ADDRESS   SRAM_BASE       /*!< Vector Table base address field.
 102:Core/Src/system_stm32f4xx.c ****                                                      This value must be a multiple of 0x200. */
 103:Core/Src/system_stm32f4xx.c **** #define VECT_TAB_OFFSET         0x00000000U     /*!< Vector Table base offset field.
 104:Core/Src/system_stm32f4xx.c ****                                                      This value must be a multiple of 0x200. */
 105:Core/Src/system_stm32f4xx.c **** #else
 106:Core/Src/system_stm32f4xx.c **** #define VECT_TAB_BASE_ADDRESS   FLASH_BASE      /*!< Vector Table base address field.
 107:Core/Src/system_stm32f4xx.c ****                                                      This value must be a multiple of 0x200. */
 108:Core/Src/system_stm32f4xx.c **** #define VECT_TAB_OFFSET         0x00000000U     /*!< Vector Table base offset field.
 109:Core/Src/system_stm32f4xx.c ****                                                      This value must be a multiple of 0x200. */
 110:Core/Src/system_stm32f4xx.c **** #endif /* VECT_TAB_SRAM */
 111:Core/Src/system_stm32f4xx.c **** #endif /* USER_VECT_TAB_ADDRESS */
 112:Core/Src/system_stm32f4xx.c **** /******************************************************************************/
 113:Core/Src/system_stm32f4xx.c **** 
 114:Core/Src/system_stm32f4xx.c **** /**
 115:Core/Src/system_stm32f4xx.c ****   * @}
 116:Core/Src/system_stm32f4xx.c ****   */
 117:Core/Src/system_stm32f4xx.c **** 
 118:Core/Src/system_stm32f4xx.c **** /** @addtogroup STM32F4xx_System_Private_Macros
 119:Core/Src/system_stm32f4xx.c ****   * @{
 120:Core/Src/system_stm32f4xx.c ****   */
 121:Core/Src/system_stm32f4xx.c **** 
 122:Core/Src/system_stm32f4xx.c **** /**
 123:Core/Src/system_stm32f4xx.c ****   * @}
 124:Core/Src/system_stm32f4xx.c ****   */
 125:Core/Src/system_stm32f4xx.c **** 
 126:Core/Src/system_stm32f4xx.c **** /** @addtogroup STM32F4xx_System_Private_Variables
 127:Core/Src/system_stm32f4xx.c ****   * @{
 128:Core/Src/system_stm32f4xx.c ****   */
 129:Core/Src/system_stm32f4xx.c ****   /* This variable is updated in three ways:
 130:Core/Src/system_stm32f4xx.c ****       1) by calling CMSIS function SystemCoreClockUpdate()
 131:Core/Src/system_stm32f4xx.c ****       2) by calling HAL API function HAL_RCC_GetHCLKFreq()
 132:Core/Src/system_stm32f4xx.c ****       3) each time HAL_RCC_ClockConfig() is called to configure the system clock frequency 
 133:Core/Src/system_stm32f4xx.c ****          Note: If you use this function to configure the system clock; then there
 134:Core/Src/system_stm32f4xx.c ****                is no need to call the 2 first functions listed above, since SystemCoreClock
 135:Core/Src/system_stm32f4xx.c ****                variable is updated automatically.
 136:Core/Src/system_stm32f4xx.c ****   */
 137:Core/Src/system_stm32f4xx.c **** uint32_t SystemCoreClock = 16000000;
 138:Core/Src/system_stm32f4xx.c **** const uint8_t AHBPrescTable[16] = {0, 0, 0, 0, 0, 0, 0, 0, 1, 2, 3, 4, 6, 7, 8, 9};
 139:Core/Src/system_stm32f4xx.c **** const uint8_t APBPrescTable[8]  = {0, 0, 0, 0, 1, 2, 3, 4};
 140:Core/Src/system_stm32f4xx.c **** /**
 141:Core/Src/system_stm32f4xx.c ****   * @}
 142:Core/Src/system_stm32f4xx.c ****   */
 143:Core/Src/system_stm32f4xx.c **** 
 144:Core/Src/system_stm32f4xx.c **** /** @addtogroup STM32F4xx_System_Private_FunctionPrototypes
ARM GAS  /tmp/ccbTdQOd.s 			page 4


 145:Core/Src/system_stm32f4xx.c ****   * @{
 146:Core/Src/system_stm32f4xx.c ****   */
 147:Core/Src/system_stm32f4xx.c **** 
 148:Core/Src/system_stm32f4xx.c **** #if defined (DATA_IN_ExtSRAM) || defined (DATA_IN_ExtSDRAM)
 149:Core/Src/system_stm32f4xx.c ****   static void SystemInit_ExtMemCtl(void); 
 150:Core/Src/system_stm32f4xx.c **** #endif /* DATA_IN_ExtSRAM || DATA_IN_ExtSDRAM */
 151:Core/Src/system_stm32f4xx.c **** 
 152:Core/Src/system_stm32f4xx.c **** /**
 153:Core/Src/system_stm32f4xx.c ****   * @}
 154:Core/Src/system_stm32f4xx.c ****   */
 155:Core/Src/system_stm32f4xx.c **** 
 156:Core/Src/system_stm32f4xx.c **** /** @addtogroup STM32F4xx_System_Private_Functions
 157:Core/Src/system_stm32f4xx.c ****   * @{
 158:Core/Src/system_stm32f4xx.c ****   */
 159:Core/Src/system_stm32f4xx.c **** 
 160:Core/Src/system_stm32f4xx.c **** /**
 161:Core/Src/system_stm32f4xx.c ****   * @brief  Setup the microcontroller system
 162:Core/Src/system_stm32f4xx.c ****   *         Initialize the FPU setting, vector table location and External memory 
 163:Core/Src/system_stm32f4xx.c ****   *         configuration.
 164:Core/Src/system_stm32f4xx.c ****   * @param  None
 165:Core/Src/system_stm32f4xx.c ****   * @retval None
 166:Core/Src/system_stm32f4xx.c ****   */
 167:Core/Src/system_stm32f4xx.c **** void SystemInit(void)
 168:Core/Src/system_stm32f4xx.c **** {
  29              		.loc 1 168 1 view -0
  30              		.cfi_startproc
  31              		@ args = 0, pretend = 0, frame = 0
  32              		@ frame_needed = 0, uses_anonymous_args = 0
  33              		@ link register save eliminated.
 169:Core/Src/system_stm32f4xx.c ****   /* FPU settings ------------------------------------------------------------*/
 170:Core/Src/system_stm32f4xx.c ****   #if (__FPU_PRESENT == 1) && (__FPU_USED == 1)
 171:Core/Src/system_stm32f4xx.c ****     SCB->CPACR |= ((3UL << 10*2)|(3UL << 11*2));  /* set CP10 and CP11 Full Access */
  34              		.loc 1 171 5 view .LVU1
  35              		.loc 1 171 8 is_stmt 0 view .LVU2
  36 0000 034A     		ldr	r2, .L2
  37 0002 D2F88830 		ldr	r3, [r2, #136]
  38              		.loc 1 171 16 view .LVU3
  39 0006 43F47003 		orr	r3, r3, #15728640
  40 000a C2F88830 		str	r3, [r2, #136]
 172:Core/Src/system_stm32f4xx.c ****   #endif
 173:Core/Src/system_stm32f4xx.c **** 
 174:Core/Src/system_stm32f4xx.c **** #if defined (DATA_IN_ExtSRAM) || defined (DATA_IN_ExtSDRAM)
 175:Core/Src/system_stm32f4xx.c ****   SystemInit_ExtMemCtl(); 
 176:Core/Src/system_stm32f4xx.c **** #endif /* DATA_IN_ExtSRAM || DATA_IN_ExtSDRAM */
 177:Core/Src/system_stm32f4xx.c **** 
 178:Core/Src/system_stm32f4xx.c ****   /* Configure the Vector Table location -------------------------------------*/
 179:Core/Src/system_stm32f4xx.c **** #if defined(USER_VECT_TAB_ADDRESS)
 180:Core/Src/system_stm32f4xx.c ****   SCB->VTOR = VECT_TAB_BASE_ADDRESS | VECT_TAB_OFFSET; /* Vector Table Relocation in Internal SRAM 
 181:Core/Src/system_stm32f4xx.c **** #endif /* USER_VECT_TAB_ADDRESS */
 182:Core/Src/system_stm32f4xx.c **** }
  41              		.loc 1 182 1 view .LVU4
  42 000e 7047     		bx	lr
  43              	.L3:
  44              		.align	2
  45              	.L2:
  46 0010 00ED00E0 		.word	-536810240
  47              		.cfi_endproc
ARM GAS  /tmp/ccbTdQOd.s 			page 5


  48              	.LFE239:
  50              		.section	.text.SystemCoreClockUpdate,"ax",%progbits
  51              		.align	1
  52              		.global	SystemCoreClockUpdate
  53              		.syntax unified
  54              		.thumb
  55              		.thumb_func
  57              	SystemCoreClockUpdate:
  58              	.LFB240:
 183:Core/Src/system_stm32f4xx.c **** 
 184:Core/Src/system_stm32f4xx.c **** /**
 185:Core/Src/system_stm32f4xx.c ****    * @brief  Update SystemCoreClock variable according to Clock Register Values.
 186:Core/Src/system_stm32f4xx.c ****   *         The SystemCoreClock variable contains the core clock (HCLK), it can
 187:Core/Src/system_stm32f4xx.c ****   *         be used by the user application to setup the SysTick timer or configure
 188:Core/Src/system_stm32f4xx.c ****   *         other parameters.
 189:Core/Src/system_stm32f4xx.c ****   *           
 190:Core/Src/system_stm32f4xx.c ****   * @note   Each time the core clock (HCLK) changes, this function must be called
 191:Core/Src/system_stm32f4xx.c ****   *         to update SystemCoreClock variable value. Otherwise, any configuration
 192:Core/Src/system_stm32f4xx.c ****   *         based on this variable will be incorrect.         
 193:Core/Src/system_stm32f4xx.c ****   *     
 194:Core/Src/system_stm32f4xx.c ****   * @note   - The system frequency computed by this function is not the real 
 195:Core/Src/system_stm32f4xx.c ****   *           frequency in the chip. It is calculated based on the predefined 
 196:Core/Src/system_stm32f4xx.c ****   *           constant and the selected clock source:
 197:Core/Src/system_stm32f4xx.c ****   *             
 198:Core/Src/system_stm32f4xx.c ****   *           - If SYSCLK source is HSI, SystemCoreClock will contain the HSI_VALUE(*)
 199:Core/Src/system_stm32f4xx.c ****   *                                              
 200:Core/Src/system_stm32f4xx.c ****   *           - If SYSCLK source is HSE, SystemCoreClock will contain the HSE_VALUE(**)
 201:Core/Src/system_stm32f4xx.c ****   *                          
 202:Core/Src/system_stm32f4xx.c ****   *           - If SYSCLK source is PLL, SystemCoreClock will contain the HSE_VALUE(**) 
 203:Core/Src/system_stm32f4xx.c ****   *             or HSI_VALUE(*) multiplied/divided by the PLL factors.
 204:Core/Src/system_stm32f4xx.c ****   *         
 205:Core/Src/system_stm32f4xx.c ****   *         (*) HSI_VALUE is a constant defined in stm32f4xx_hal_conf.h file (default value
 206:Core/Src/system_stm32f4xx.c ****   *             16 MHz) but the real value may vary depending on the variations
 207:Core/Src/system_stm32f4xx.c ****   *             in voltage and temperature.   
 208:Core/Src/system_stm32f4xx.c ****   *    
 209:Core/Src/system_stm32f4xx.c ****   *         (**) HSE_VALUE is a constant defined in stm32f4xx_hal_conf.h file (its value
 210:Core/Src/system_stm32f4xx.c ****   *              depends on the application requirements), user has to ensure that HSE_VALUE
 211:Core/Src/system_stm32f4xx.c ****   *              is same as the real frequency of the crystal used. Otherwise, this function
 212:Core/Src/system_stm32f4xx.c ****   *              may have wrong result.
 213:Core/Src/system_stm32f4xx.c ****   *                
 214:Core/Src/system_stm32f4xx.c ****   *         - The result of this function could be not correct when using fractional
 215:Core/Src/system_stm32f4xx.c ****   *           value for HSE crystal.
 216:Core/Src/system_stm32f4xx.c ****   *     
 217:Core/Src/system_stm32f4xx.c ****   * @param  None
 218:Core/Src/system_stm32f4xx.c ****   * @retval None
 219:Core/Src/system_stm32f4xx.c ****   */
 220:Core/Src/system_stm32f4xx.c **** void SystemCoreClockUpdate(void)
 221:Core/Src/system_stm32f4xx.c **** {
  59              		.loc 1 221 1 is_stmt 1 view -0
  60              		.cfi_startproc
  61              		@ args = 0, pretend = 0, frame = 0
  62              		@ frame_needed = 0, uses_anonymous_args = 0
  63              		@ link register save eliminated.
 222:Core/Src/system_stm32f4xx.c ****   uint32_t tmp = 0, pllvco = 0, pllp = 2, pllsource = 0, pllm = 2;
  64              		.loc 1 222 3 view .LVU6
  65              	.LVL0:
 223:Core/Src/system_stm32f4xx.c ****   
ARM GAS  /tmp/ccbTdQOd.s 			page 6


 224:Core/Src/system_stm32f4xx.c ****   /* Get SYSCLK source -------------------------------------------------------*/
 225:Core/Src/system_stm32f4xx.c ****   tmp = RCC->CFGR & RCC_CFGR_SWS;
  66              		.loc 1 225 3 view .LVU7
  67              		.loc 1 225 12 is_stmt 0 view .LVU8
  68 0000 224B     		ldr	r3, .L11
  69 0002 9B68     		ldr	r3, [r3, #8]
  70              		.loc 1 225 7 view .LVU9
  71 0004 03F00C03 		and	r3, r3, #12
  72              	.LVL1:
 226:Core/Src/system_stm32f4xx.c **** 
 227:Core/Src/system_stm32f4xx.c ****   switch (tmp)
  73              		.loc 1 227 3 is_stmt 1 view .LVU10
  74 0008 042B     		cmp	r3, #4
  75 000a 11D0     		beq	.L5
  76 000c 082B     		cmp	r3, #8
  77 000e 13D0     		beq	.L6
  78 0010 002B     		cmp	r3, #0
  79 0012 37D1     		bne	.L7
 228:Core/Src/system_stm32f4xx.c ****   {
 229:Core/Src/system_stm32f4xx.c ****     case 0x00:  /* HSI used as system clock source */
 230:Core/Src/system_stm32f4xx.c ****       SystemCoreClock = HSI_VALUE;
  80              		.loc 1 230 7 view .LVU11
  81              		.loc 1 230 23 is_stmt 0 view .LVU12
  82 0014 1E4B     		ldr	r3, .L11+4
  83              	.LVL2:
  84              		.loc 1 230 23 view .LVU13
  85 0016 1F4A     		ldr	r2, .L11+8
  86 0018 1A60     		str	r2, [r3]
 231:Core/Src/system_stm32f4xx.c ****       break;
  87              		.loc 1 231 7 is_stmt 1 view .LVU14
  88              	.LVL3:
  89              	.L8:
 232:Core/Src/system_stm32f4xx.c ****     case 0x04:  /* HSE used as system clock source */
 233:Core/Src/system_stm32f4xx.c ****       SystemCoreClock = HSE_VALUE;
 234:Core/Src/system_stm32f4xx.c ****       break;
 235:Core/Src/system_stm32f4xx.c ****     case 0x08:  /* PLL used as system clock source */
 236:Core/Src/system_stm32f4xx.c **** 
 237:Core/Src/system_stm32f4xx.c ****       /* PLL_VCO = (HSE_VALUE or HSI_VALUE / PLL_M) * PLL_N
 238:Core/Src/system_stm32f4xx.c ****          SYSCLK = PLL_VCO / PLL_P
 239:Core/Src/system_stm32f4xx.c ****          */    
 240:Core/Src/system_stm32f4xx.c ****       pllsource = (RCC->PLLCFGR & RCC_PLLCFGR_PLLSRC) >> 22;
 241:Core/Src/system_stm32f4xx.c ****       pllm = RCC->PLLCFGR & RCC_PLLCFGR_PLLM;
 242:Core/Src/system_stm32f4xx.c ****       
 243:Core/Src/system_stm32f4xx.c ****       if (pllsource != 0)
 244:Core/Src/system_stm32f4xx.c ****       {
 245:Core/Src/system_stm32f4xx.c ****         /* HSE used as PLL clock source */
 246:Core/Src/system_stm32f4xx.c ****         pllvco = (HSE_VALUE / pllm) * ((RCC->PLLCFGR & RCC_PLLCFGR_PLLN) >> 6);
 247:Core/Src/system_stm32f4xx.c ****       }
 248:Core/Src/system_stm32f4xx.c ****       else
 249:Core/Src/system_stm32f4xx.c ****       {
 250:Core/Src/system_stm32f4xx.c ****         /* HSI used as PLL clock source */
 251:Core/Src/system_stm32f4xx.c ****         pllvco = (HSI_VALUE / pllm) * ((RCC->PLLCFGR & RCC_PLLCFGR_PLLN) >> 6);
 252:Core/Src/system_stm32f4xx.c ****       }
 253:Core/Src/system_stm32f4xx.c **** 
 254:Core/Src/system_stm32f4xx.c ****       pllp = (((RCC->PLLCFGR & RCC_PLLCFGR_PLLP) >>16) + 1 ) *2;
 255:Core/Src/system_stm32f4xx.c ****       SystemCoreClock = pllvco/pllp;
 256:Core/Src/system_stm32f4xx.c ****       break;
ARM GAS  /tmp/ccbTdQOd.s 			page 7


 257:Core/Src/system_stm32f4xx.c ****     default:
 258:Core/Src/system_stm32f4xx.c ****       SystemCoreClock = HSI_VALUE;
 259:Core/Src/system_stm32f4xx.c ****       break;
 260:Core/Src/system_stm32f4xx.c ****   }
 261:Core/Src/system_stm32f4xx.c ****   /* Compute HCLK frequency --------------------------------------------------*/
 262:Core/Src/system_stm32f4xx.c ****   /* Get HCLK prescaler */
 263:Core/Src/system_stm32f4xx.c ****   tmp = AHBPrescTable[((RCC->CFGR & RCC_CFGR_HPRE) >> 4)];
  90              		.loc 1 263 3 view .LVU15
  91              		.loc 1 263 28 is_stmt 0 view .LVU16
  92 001a 1C4B     		ldr	r3, .L11
  93 001c 9B68     		ldr	r3, [r3, #8]
  94              		.loc 1 263 52 view .LVU17
  95 001e C3F30313 		ubfx	r3, r3, #4, #4
  96              		.loc 1 263 22 view .LVU18
  97 0022 1D4A     		ldr	r2, .L11+12
  98 0024 D15C     		ldrb	r1, [r2, r3]	@ zero_extendqisi2
  99              	.LVL4:
 264:Core/Src/system_stm32f4xx.c ****   /* HCLK frequency */
 265:Core/Src/system_stm32f4xx.c ****   SystemCoreClock >>= tmp;
 100              		.loc 1 265 3 is_stmt 1 view .LVU19
 101              		.loc 1 265 19 is_stmt 0 view .LVU20
 102 0026 1A4A     		ldr	r2, .L11+4
 103 0028 1368     		ldr	r3, [r2]
 104 002a CB40     		lsrs	r3, r3, r1
 105 002c 1360     		str	r3, [r2]
 266:Core/Src/system_stm32f4xx.c **** }
 106              		.loc 1 266 1 view .LVU21
 107 002e 7047     		bx	lr
 108              	.LVL5:
 109              	.L5:
 233:Core/Src/system_stm32f4xx.c ****       break;
 110              		.loc 1 233 7 is_stmt 1 view .LVU22
 233:Core/Src/system_stm32f4xx.c ****       break;
 111              		.loc 1 233 23 is_stmt 0 view .LVU23
 112 0030 174B     		ldr	r3, .L11+4
 113              	.LVL6:
 233:Core/Src/system_stm32f4xx.c ****       break;
 114              		.loc 1 233 23 view .LVU24
 115 0032 1A4A     		ldr	r2, .L11+16
 116 0034 1A60     		str	r2, [r3]
 234:Core/Src/system_stm32f4xx.c ****     case 0x08:  /* PLL used as system clock source */
 117              		.loc 1 234 7 is_stmt 1 view .LVU25
 118 0036 F0E7     		b	.L8
 119              	.LVL7:
 120              	.L6:
 240:Core/Src/system_stm32f4xx.c ****       pllm = RCC->PLLCFGR & RCC_PLLCFGR_PLLM;
 121              		.loc 1 240 7 view .LVU26
 240:Core/Src/system_stm32f4xx.c ****       pllm = RCC->PLLCFGR & RCC_PLLCFGR_PLLM;
 122              		.loc 1 240 23 is_stmt 0 view .LVU27
 123 0038 144B     		ldr	r3, .L11
 124              	.LVL8:
 240:Core/Src/system_stm32f4xx.c ****       pllm = RCC->PLLCFGR & RCC_PLLCFGR_PLLM;
 125              		.loc 1 240 23 view .LVU28
 126 003a 5968     		ldr	r1, [r3, #4]
 127              	.LVL9:
 241:Core/Src/system_stm32f4xx.c ****       
 128              		.loc 1 241 7 is_stmt 1 view .LVU29
ARM GAS  /tmp/ccbTdQOd.s 			page 8


 241:Core/Src/system_stm32f4xx.c ****       
 129              		.loc 1 241 17 is_stmt 0 view .LVU30
 130 003c 5A68     		ldr	r2, [r3, #4]
 241:Core/Src/system_stm32f4xx.c ****       
 131              		.loc 1 241 12 view .LVU31
 132 003e 02F03F02 		and	r2, r2, #63
 133              	.LVL10:
 243:Core/Src/system_stm32f4xx.c ****       {
 134              		.loc 1 243 7 is_stmt 1 view .LVU32
 243:Core/Src/system_stm32f4xx.c ****       {
 135              		.loc 1 243 10 is_stmt 0 view .LVU33
 136 0042 11F4800F 		tst	r1, #4194304
 137 0046 13D0     		beq	.L9
 246:Core/Src/system_stm32f4xx.c ****       }
 138              		.loc 1 246 9 is_stmt 1 view .LVU34
 246:Core/Src/system_stm32f4xx.c ****       }
 139              		.loc 1 246 29 is_stmt 0 view .LVU35
 140 0048 144B     		ldr	r3, .L11+16
 141 004a B3FBF2F3 		udiv	r3, r3, r2
 246:Core/Src/system_stm32f4xx.c ****       }
 142              		.loc 1 246 44 view .LVU36
 143 004e 0F4A     		ldr	r2, .L11
 144              	.LVL11:
 246:Core/Src/system_stm32f4xx.c ****       }
 145              		.loc 1 246 44 view .LVU37
 146 0050 5268     		ldr	r2, [r2, #4]
 246:Core/Src/system_stm32f4xx.c ****       }
 147              		.loc 1 246 74 view .LVU38
 148 0052 C2F38812 		ubfx	r2, r2, #6, #9
 246:Core/Src/system_stm32f4xx.c ****       }
 149              		.loc 1 246 16 view .LVU39
 150 0056 02FB03F3 		mul	r3, r2, r3
 151              	.LVL12:
 152              	.L10:
 254:Core/Src/system_stm32f4xx.c ****       SystemCoreClock = pllvco/pllp;
 153              		.loc 1 254 7 is_stmt 1 view .LVU40
 254:Core/Src/system_stm32f4xx.c ****       SystemCoreClock = pllvco/pllp;
 154              		.loc 1 254 20 is_stmt 0 view .LVU41
 155 005a 0C4A     		ldr	r2, .L11
 156 005c 5268     		ldr	r2, [r2, #4]
 254:Core/Src/system_stm32f4xx.c ****       SystemCoreClock = pllvco/pllp;
 157              		.loc 1 254 50 view .LVU42
 158 005e C2F30142 		ubfx	r2, r2, #16, #2
 254:Core/Src/system_stm32f4xx.c ****       SystemCoreClock = pllvco/pllp;
 159              		.loc 1 254 56 view .LVU43
 160 0062 0132     		adds	r2, r2, #1
 254:Core/Src/system_stm32f4xx.c ****       SystemCoreClock = pllvco/pllp;
 161              		.loc 1 254 12 view .LVU44
 162 0064 5200     		lsls	r2, r2, #1
 163              	.LVL13:
 255:Core/Src/system_stm32f4xx.c ****       break;
 164              		.loc 1 255 7 is_stmt 1 view .LVU45
 255:Core/Src/system_stm32f4xx.c ****       break;
 165              		.loc 1 255 31 is_stmt 0 view .LVU46
 166 0066 B3FBF2F3 		udiv	r3, r3, r2
 167              	.LVL14:
 255:Core/Src/system_stm32f4xx.c ****       break;
ARM GAS  /tmp/ccbTdQOd.s 			page 9


 168              		.loc 1 255 23 view .LVU47
 169 006a 094A     		ldr	r2, .L11+4
 170              	.LVL15:
 255:Core/Src/system_stm32f4xx.c ****       break;
 171              		.loc 1 255 23 view .LVU48
 172 006c 1360     		str	r3, [r2]
 256:Core/Src/system_stm32f4xx.c ****     default:
 173              		.loc 1 256 7 is_stmt 1 view .LVU49
 174 006e D4E7     		b	.L8
 175              	.LVL16:
 176              	.L9:
 251:Core/Src/system_stm32f4xx.c ****       }
 177              		.loc 1 251 9 view .LVU50
 251:Core/Src/system_stm32f4xx.c ****       }
 178              		.loc 1 251 29 is_stmt 0 view .LVU51
 179 0070 084B     		ldr	r3, .L11+8
 180 0072 B3FBF2F3 		udiv	r3, r3, r2
 251:Core/Src/system_stm32f4xx.c ****       }
 181              		.loc 1 251 44 view .LVU52
 182 0076 054A     		ldr	r2, .L11
 183              	.LVL17:
 251:Core/Src/system_stm32f4xx.c ****       }
 184              		.loc 1 251 44 view .LVU53
 185 0078 5268     		ldr	r2, [r2, #4]
 251:Core/Src/system_stm32f4xx.c ****       }
 186              		.loc 1 251 74 view .LVU54
 187 007a C2F38812 		ubfx	r2, r2, #6, #9
 251:Core/Src/system_stm32f4xx.c ****       }
 188              		.loc 1 251 16 view .LVU55
 189 007e 02FB03F3 		mul	r3, r2, r3
 190 0082 EAE7     		b	.L10
 191              	.LVL18:
 192              	.L7:
 258:Core/Src/system_stm32f4xx.c ****       break;
 193              		.loc 1 258 7 is_stmt 1 view .LVU56
 258:Core/Src/system_stm32f4xx.c ****       break;
 194              		.loc 1 258 23 is_stmt 0 view .LVU57
 195 0084 024B     		ldr	r3, .L11+4
 196              	.LVL19:
 258:Core/Src/system_stm32f4xx.c ****       break;
 197              		.loc 1 258 23 view .LVU58
 198 0086 034A     		ldr	r2, .L11+8
 199 0088 1A60     		str	r2, [r3]
 259:Core/Src/system_stm32f4xx.c ****   }
 200              		.loc 1 259 7 is_stmt 1 view .LVU59
 201 008a C6E7     		b	.L8
 202              	.L12:
 203              		.align	2
 204              	.L11:
 205 008c 00380240 		.word	1073887232
 206 0090 00000000 		.word	SystemCoreClock
 207 0094 0024F400 		.word	16000000
 208 0098 00000000 		.word	AHBPrescTable
 209 009c 00127A00 		.word	8000000
 210              		.cfi_endproc
 211              	.LFE240:
 213              		.global	APBPrescTable
ARM GAS  /tmp/ccbTdQOd.s 			page 10


 214              		.section	.rodata.APBPrescTable,"a"
 215              		.align	2
 218              	APBPrescTable:
 219 0000 00000000 		.ascii	"\000\000\000\000\001\002\003\004"
 219      01020304 
 220              		.global	AHBPrescTable
 221              		.section	.rodata.AHBPrescTable,"a"
 222              		.align	2
 225              	AHBPrescTable:
 226 0000 00000000 		.ascii	"\000\000\000\000\000\000\000\000\001\002\003\004\006"
 226      00000000 
 226      01020304 
 226      06
 227 000d 070809   		.ascii	"\007\010\011"
 228              		.global	SystemCoreClock
 229              		.section	.data.SystemCoreClock,"aw"
 230              		.align	2
 233              	SystemCoreClock:
 234 0000 0024F400 		.word	16000000
 235              		.text
 236              	.Letext0:
 237              		.file 2 "/usr/arm-none-eabi/include/machine/_default_types.h"
 238              		.file 3 "/usr/arm-none-eabi/include/sys/_stdint.h"
 239              		.file 4 "Drivers/CMSIS/Include/core_cm4.h"
 240              		.file 5 "Drivers/CMSIS/Device/ST/STM32F4xx/Include/system_stm32f4xx.h"
 241              		.file 6 "Drivers/CMSIS/Device/ST/STM32F4xx/Include/stm32f446xx.h"
ARM GAS  /tmp/ccbTdQOd.s 			page 11


DEFINED SYMBOLS
                            *ABS*:00000000 system_stm32f4xx.c
     /tmp/ccbTdQOd.s:21     .text.SystemInit:00000000 $t
     /tmp/ccbTdQOd.s:27     .text.SystemInit:00000000 SystemInit
     /tmp/ccbTdQOd.s:46     .text.SystemInit:00000010 $d
     /tmp/ccbTdQOd.s:51     .text.SystemCoreClockUpdate:00000000 $t
     /tmp/ccbTdQOd.s:57     .text.SystemCoreClockUpdate:00000000 SystemCoreClockUpdate
     /tmp/ccbTdQOd.s:205    .text.SystemCoreClockUpdate:0000008c $d
     /tmp/ccbTdQOd.s:233    .data.SystemCoreClock:00000000 SystemCoreClock
     /tmp/ccbTdQOd.s:225    .rodata.AHBPrescTable:00000000 AHBPrescTable
     /tmp/ccbTdQOd.s:218    .rodata.APBPrescTable:00000000 APBPrescTable
     /tmp/ccbTdQOd.s:215    .rodata.APBPrescTable:00000000 $d
     /tmp/ccbTdQOd.s:222    .rodata.AHBPrescTable:00000000 $d
     /tmp/ccbTdQOd.s:230    .data.SystemCoreClock:00000000 $d
                           .group:00000000 wm4.0.7dce94b23b952799e659b6f001d406e2
                           .group:00000000 wm4.stm32f4xx.h.38.d053a70ce905afacf9f39dda4c23396b
                           .group:00000000 wm4.stm32f446xx.h.34.dd43cebd7192f96bce7a5ff975201274
                           .group:00000000 wm4._newlib_version.h.4.411db44ea2338a62eca2f0777f81481b
                           .group:00000000 wm4.features.h.33.2eefb68b261e70563a8ac654e712169f
                           .group:00000000 wm4._default_types.h.15.247e5cd201eca3442cbf5404108c4935
                           .group:00000000 wm4._intsup.h.10.48bafbb683905c4daa4565a85aeeb264
                           .group:00000000 wm4._stdint.h.10.c24fa3af3bc1706662bb5593a907e841
                           .group:00000000 wm4.stdint.h.23.d53047a68f4a85177f80b422d52785ed
                           .group:00000000 wm4.cmsis_version.h.32.0ac195c83bb4537824e6ad1c47474b79
                           .group:00000000 wm4.core_cm4.h.66.e4ff136c4a17abc46741866f64f8e729
                           .group:00000000 wm4.cmsis_gcc.h.26.498d0ad17a45fc9ef20fdc01caf02259
                           .group:00000000 wm4.core_cm4.h.174.62be9b4588d49bed18171771001331df
                           .group:00000000 wm4.mpu_armv7.h.32.83326921a797fa9d6f70449916b4b839
                           .group:00000000 wm4.stm32f446xx.h.917.0fdd8713166bfa6b9d21cdb14776606b
                           .group:00000000 wm4.stm32f4xx.h.195.a4b8bf80f37cc96981498656ffe5f588
                           .group:00000000 wm4.stm32f4xx_hal_conf.h.25.83c9712fa333884c379ccc2d282f16d5
                           .group:00000000 wm4.stm32_hal_legacy.h.22.eb8efbbc8c257479a785208a25e32ff6
                           .group:00000000 wm4.stddef.h.39.0dc9006b34572d4d9cae4c8b422c4971
                           .group:00000000 wm4.stm32f4xx_hal_def.h.58.3cb484e92e5ccf2e55312a4714e27917
                           .group:00000000 wm4.stm32f4xx_hal_rcc_ex.h.20.41619f9808c16372c6163b386a6c33f3
                           .group:00000000 wm4.stm32f4xx_hal_rcc.h.106.7a3b8fae3878f325ccf2eab43ac149ad
                           .group:00000000 wm4.stm32f4xx_hal_gpio.h.21.22da6a14b6049d6ac156577be74df1d7
                           .group:00000000 wm4.stm32f4xx_hal_gpio_ex.h.21.33ea7ea24fd170b1d3dce3d23330c9d3
                           .group:00000000 wm4.stm32f4xx_hal_gpio.h.254.d7e07832f748fe8bcb575db0b8373592
                           .group:00000000 wm4.stm32f4xx_hal_exti.h.21.4fc7f37c3cc97fb821b368ede79414b6
                           .group:00000000 wm4.stm32f4xx_hal_dma.h.21.8e4b1421c914345c23be719e5e528779
                           .group:00000000 wm4.stm32f4xx_hal_dma.h.720.ac2d7eef74792e4026acc4d2923c5da4
                           .group:00000000 wm4.stm32f4xx_hal_cortex.h.20.a1e25f69ec9adea00da0353b137e869f
                           .group:00000000 wm4.stm32f4xx_ll_adc.h.21.8ab9bf4d55f678506dbbe8102cb12bbc
                           .group:00000000 wm4.stm32f4xx_hal_adc.h.159.62530d9b3382796f19493a9679ef426c
                           .group:00000000 wm4.stm32f4xx_hal_adc_ex.h.21.94e87945640619cdd4cff40627e1380a
                           .group:00000000 wm4.stm32f4xx_hal_adc.h.639.c30c49256117cbda0ada83149c65b3d8
                           .group:00000000 wm4.stm32f4xx_hal_flash.h.20.2f1e0d1b7010b3a81a7980aaf712e7e5
                           .group:00000000 wm4.stm32f4xx_hal_flash_ex.h.20.77cb3e5c0f1e426426a4cbc884a1eed8
                           .group:00000000 wm4.stm32f4xx_hal_flash.h.361.23bc19b9eac79b0956d913651841ede8
                           .group:00000000 wm4.stm32f4xx_hal_i2c.h.21.147e96a27b1f7b1f2f8ee22132703ee3
                           .group:00000000 wm4.stm32f4xx_hal_i2c_ex.h.21.951ef5bfa13cf131d2015c338e82e461
                           .group:00000000 wm4.stm32f4xx_hal_i2c.h.647.ade9c3447780b1cc0ece02f0ce83aedc
                           .group:00000000 wm4.stm32f4xx_hal_pwr.h.20.1905a0783a9c83adefd7df0c4b501e40
                           .group:00000000 wm4.stm32f4xx_hal_pwr_ex.h.20.9786dbd699c850465fa7b77273740267
                           .group:00000000 wm4.stm32f4xx_hal_pwr.h.338.debc0a4a62ba54688e63ab53dd99c4ea
                           .group:00000000 wm4.stm32f4xx_hal_tim.h.21.6320ed03fec05f5a81ebdcc8da91e41b
ARM GAS  /tmp/ccbTdQOd.s 			page 12


                           .group:00000000 wm4.stm32f4xx_hal_tim_ex.h.21.3ff8ebb44e16ac9d5b95e2b3533221b9
                           .group:00000000 wm4.stm32f4xx_hal_uart.h.21.ba8e24dd05c77faac3f3d48472e636ba
                           .group:00000000 wm4.stm32f4xx_hal.h.71.02372bc31d47d29d3f67fbfe1429649e

NO UNDEFINED SYMBOLS
